# JRE version: OpenJDK Runtime Environment Temurin-17.0.3+7 (17.0.3+7) (build 17.0.3+7)
# Java VM: OpenJDK 64-Bit Server VM Temurin-17.0.3+7 (17.0.3+7, mixed mode, tiered, compressed oops, compressed class ptrs, g1 gc, windows-amd64)
GC Precious Log:
 CPUs: 2 total, 2 available
 Memory: 4094M
 Large Page Support: Disabled
 NUMA Support: Disabled
 Compressed Oops: Enabled (32-bit)
 Heap Region Size: 1M
 Heap Min Capacity: 8M
 Heap Initial Capacity: 64M
 Heap Max Capacity: 1G
 Pre-touch: Disabled
 Parallel Workers: 2
 Concurrent Workers: 1
 Concurrent Refinement Workers: 2
 Periodic GC: Disabled
Heap:
 garbage-first heap   total 230400K, used 164885K [0x00000000c0000000, 0x0000000100000000)
  region size 1024K, 7 young (7168K), 3 survivors (3072K)
 Metaspace       used 21682K, committed 21888K, reserved 1073152K
  class space    used 2507K, committed 2624K, reserved 1048576K
GC Heap History (20 events):
Event: 5.364 GC heap before
{Heap before GC invocations=14 (full 0):
 garbage-first heap   total 101376K, used 62347K [0x00000000c0000000, 0x0000000100000000)
  region size 1024K, 5 young (5120K), 1 survivors (1024K)
 Metaspace       used 21542K, committed 21760K, reserved 1073152K
  class space    used 2506K, committed 2624K, reserved 1048576K
}
Event: 5.367 GC heap after
{Heap after GC invocations=15 (full 0):
 garbage-first heap   total 101376K, used 62661K [0x00000000c0000000, 0x0000000100000000)
  region size 1024K, 1 young (1024K), 1 survivors (1024K)
 Metaspace       used 21542K, committed 21760K, reserved 1073152K
  class space    used 2506K, committed 2624K, reserved 1048576K
}
Event: 5.756 GC heap before
{Heap before GC invocations=15 (full 0):
 garbage-first heap   total 101376K, used 70853K [0x00000000c0000000, 0x0000000100000000)
  region size 1024K, 10 young (10240K), 1 survivors (1024K)
 Metaspace       used 21585K, committed 21824K, reserved 1073152K
  class space    used 2507K, committed 2624K, reserved 1048576K
}
Event: 5.760 GC heap after
{Heap after GC invocations=16 (full 0):
 garbage-first heap   total 101376K, used 70569K [0x00000000c0000000, 0x0000000100000000)
  region size 1024K, 2 young (2048K), 2 survivors (2048K)
 Metaspace       used 21585K, committed 21824K, reserved 1073152K
  class space    used 2507K, committed 2624K, reserved 1048576K
}
Event: 5.828 GC heap before
{Heap before GC invocations=17 (full 0):
 garbage-first heap   total 121856K, used 75689K [0x00000000c0000000, 0x0000000100000000)
  region size 1024K, 8 young (8192K), 2 survivors (2048K)
 Metaspace       used 21611K, committed 21824K, reserved 1073152K
  class space    used 2507K, committed 2624K, reserved 1048576K
}
Event: 5.831 GC heap after
{Heap after GC invocations=18 (full 0):
 garbage-first heap   total 121856K, used 75600K [0x00000000c0000000, 0x0000000100000000)
  region size 1024K, 1 young (1024K), 1 survivors (1024K)
 Metaspace       used 21611K, committed 21824K, reserved 1073152K
  class space    used 2507K, committed 2624K, reserved 1048576K
}
Event: 6.095 GC heap before
{Heap before GC invocations=18 (full 0):
 garbage-first heap   total 121856K, used 85840K [0x00000000c0000000, 0x0000000100000000)
  region size 1024K, 12 young (12288K), 1 survivors (1024K)
 Metaspace       used 21634K, committed 21888K, reserved 1073152K
  class space    used 2507K, committed 2624K, reserved 1048576K
}
Event: 6.100 GC heap after
{Heap after GC invocations=19 (full 0):
 garbage-first heap   total 121856K, used 85096K [0x00000000c0000000, 0x0000000100000000)
  region size 1024K, 2 young (2048K), 2 survivors (2048K)
 Metaspace       used 21634K, committed 21888K, reserved 1073152K
  class space    used 2507K, committed 2624K, reserved 1048576K
}
Event: 6.294 GC heap before
{Heap before GC invocations=20 (full 0):
 garbage-first heap   total 145408K, used 91240K [0x00000000c0000000, 0x0000000100000000)
  region size 1024K, 10 young (10240K), 2 survivors (2048K)
 Metaspace       used 21638K, committed 21888K, reserved 1073152K
  class space    used 2507K, committed 2624K, reserved 1048576K
}
Event: 6.304 GC heap after
{Heap after GC invocations=21 (full 0):
 garbage-first heap   total 145408K, used 91479K [0x00000000c0000000, 0x0000000100000000)
  region size 1024K, 2 young (2048K), 2 survivors (2048K)
 Metaspace       used 21638K, committed 21888K, reserved 1073152K
  class space    used 2507K, committed 2624K, reserved 1048576K
}
Event: 6.528 GC heap before
{Heap before GC invocations=21 (full 0):
 garbage-first heap   total 145408K, used 102743K [0x00000000c0000000, 0x0000000100000000)
  region size 1024K, 15 young (15360K), 2 survivors (2048K)
 Metaspace       used 21663K, committed 21888K, reserved 1073152K
  class space    used 2507K, committed 2624K, reserved 1048576K
}
Event: 6.534 GC heap after
{Heap after GC invocations=22 (full 0):
 garbage-first heap   total 192512K, used 101802K [0x00000000c0000000, 0x0000000100000000)
  region size 1024K, 2 young (2048K), 2 survivors (2048K)
 Metaspace       used 21663K, committed 21888K, reserved 1073152K
  class space    used 2507K, committed 2624K, reserved 1048576K
}
Event: 8.202 GC heap before
{Heap before GC invocations=23 (full 0):
 garbage-first heap   total 192512K, used 125354K [0x00000000c0000000, 0x0000000100000000)
  region size 1024K, 27 young (27648K), 2 survivors (2048K)
 Metaspace       used 21674K, committed 21888K, reserved 1073152K
  class space    used 2507K, committed 2624K, reserved 1048576K
}
Event: 8.213 GC heap after
{Heap after GC invocations=24 (full 0):
 garbage-first heap   total 192512K, used 122764K [0x00000000c0000000, 0x0000000100000000)
  region size 1024K, 4 young (4096K), 4 survivors (4096K)
 Metaspace       used 21674K, committed 21888K, reserved 1073152K
  class space    used 2507K, committed 2624K, reserved 1048576K
}
Event: 9.224 GC heap before
{Heap before GC invocations=24 (full 0):
 garbage-first heap   total 192512K, used 139148K [0x00000000c0000000, 0x0000000100000000)
  region size 1024K, 21 young (21504K), 4 survivors (4096K)
 Metaspace       used 21677K, committed 21888K, reserved 1073152K
  class space    used 2507K, committed 2624K, reserved 1048576K
}
Event: 9.233 GC heap after
{Heap after GC invocations=25 (full 0):
 garbage-first heap   total 192512K, used 137023K [0x00000000c0000000, 0x0000000100000000)
  region size 1024K, 3 young (3072K), 3 survivors (3072K)
 Metaspace       used 21677K, committed 21888K, reserved 1073152K
  class space    used 2507K, committed 2624K, reserved 1048576K
}
Event: 9.808 GC heap before
{Heap before GC invocations=26 (full 0):
 garbage-first heap   total 230400K, used 147263K [0x00000000c0000000, 0x0000000100000000)
  region size 1024K, 14 young (14336K), 3 survivors (3072K)
 Metaspace       used 21677K, committed 21888K, reserved 1073152K
  class space    used 2507K, committed 2624K, reserved 1048576K
}
Event: 9.814 GC heap after
{Heap after GC invocations=27 (full 0):
 garbage-first heap   total 230400K, used 146191K [0x00000000c0000000, 0x0000000100000000)
  region size 1024K, 2 young (2048K), 2 survivors (2048K)
 Metaspace       used 21677K, committed 21888K, reserved 1073152K
  class space    used 2507K, committed 2624K, reserved 1048576K
}
Event: 10.522 GC heap before
{Heap before GC invocations=27 (full 0):
 garbage-first heap   total 230400K, used 165647K [0x00000000c0000000, 0x0000000100000000)
  region size 1024K, 22 young (22528K), 2 survivors (2048K)
 Metaspace       used 21682K, committed 21888K, reserved 1073152K
  class space    used 2507K, committed 2624K, reserved 1048576K
}
Event: 10.538 GC heap after
{Heap after GC invocations=28 (full 0):
 garbage-first heap   total 230400K, used 162837K [0x00000000c0000000, 0x0000000100000000)
  region size 1024K, 3 young (3072K), 3 survivors (3072K)
 Metaspace       used 21682K, committed 21888K, reserved 1073152K
  class space    used 2507K, committed 2624K, reserved 1048576K
}

